CRITICAL - 2025-06-10 03:36:42 --> ErrorException: Undefined variable $session
[Method: POST, Route: register/authregister]
in APPPATH\Controllers\Auth.php on line 105.
 1 APPPATH\Controllers\Auth.php(105): CodeIgniter\Debug\Exceptions->errorHandler(2, 'Undefined variable $session', 'D:\\Tubes TEKWEB\\Tupopgaming\\app\\Controllers\\Auth.php', 105)
 2 SYSTEMPATH\CodeIgniter.php(933): App\Controllers\Auth->authregister()
 3 SYSTEMPATH\CodeIgniter.php(507): CodeIgniter\CodeIgniter->runController(Object(App\Controllers\Auth))
 4 SYSTEMPATH\CodeIgniter.php(354): CodeIgniter\CodeIgniter->handleRequest(null, Object(Config\Cache), false)
 5 SYSTEMPATH\Boot.php(334): CodeIgniter\CodeIgniter->run()
 6 SYSTEMPATH\Boot.php(67): CodeIgniter\Boot::runCodeIgniter(Object(CodeIgniter\CodeIgniter))
 7 FCPATH\index.php(56): CodeIgniter\Boot::bootWeb(Object(Config\Paths))
 8 SYSTEMPATH\rewrite.php(44): require_once('D:\\Tubes TEKWEB\\Tupopgaming\\public\\index.php')
CRITICAL - 2025-06-10 03:36:47 --> ErrorException: Undefined variable $session
[Method: POST, Route: register/authregister]
in APPPATH\Controllers\Auth.php on line 105.
 1 APPPATH\Controllers\Auth.php(105): CodeIgniter\Debug\Exceptions->errorHandler(2, 'Undefined variable $session', 'D:\\Tubes TEKWEB\\Tupopgaming\\app\\Controllers\\Auth.php', 105)
 2 SYSTEMPATH\CodeIgniter.php(933): App\Controllers\Auth->authregister()
 3 SYSTEMPATH\CodeIgniter.php(507): CodeIgniter\CodeIgniter->runController(Object(App\Controllers\Auth))
 4 SYSTEMPATH\CodeIgniter.php(354): CodeIgniter\CodeIgniter->handleRequest(null, Object(Config\Cache), false)
 5 SYSTEMPATH\Boot.php(334): CodeIgniter\CodeIgniter->run()
 6 SYSTEMPATH\Boot.php(67): CodeIgniter\Boot::runCodeIgniter(Object(CodeIgniter\CodeIgniter))
 7 FCPATH\index.php(56): CodeIgniter\Boot::bootWeb(Object(Config\Paths))
 8 SYSTEMPATH\rewrite.php(44): require_once('D:\\Tubes TEKWEB\\Tupopgaming\\public\\index.php')
CRITICAL - 2025-06-10 03:38:08 --> ErrorException: Undefined variable $session
[Method: POST, Route: register/authregister]
in APPPATH\Controllers\Auth.php on line 105.
 1 APPPATH\Controllers\Auth.php(105): CodeIgniter\Debug\Exceptions->errorHandler(2, 'Undefined variable $session', 'D:\\Tubes TEKWEB\\Tupopgaming\\app\\Controllers\\Auth.php', 105)
 2 SYSTEMPATH\CodeIgniter.php(933): App\Controllers\Auth->authregister()
 3 SYSTEMPATH\CodeIgniter.php(507): CodeIgniter\CodeIgniter->runController(Object(App\Controllers\Auth))
 4 SYSTEMPATH\CodeIgniter.php(354): CodeIgniter\CodeIgniter->handleRequest(null, Object(Config\Cache), false)
 5 SYSTEMPATH\Boot.php(334): CodeIgniter\CodeIgniter->run()
 6 SYSTEMPATH\Boot.php(67): CodeIgniter\Boot::runCodeIgniter(Object(CodeIgniter\CodeIgniter))
 7 FCPATH\index.php(56): CodeIgniter\Boot::bootWeb(Object(Config\Paths))
 8 SYSTEMPATH\rewrite.php(44): require_once('D:\\Tubes TEKWEB\\Tupopgaming\\public\\index.php')
