CRITICAL - 2025-07-01 03:43:56 --> CodeIgniter\View\Exceptions\ViewException: Invalid file: "templates/sidebar.php"
[Method: GET, Route: admin/dashboard]
in SYSTEMPATH\Exceptions\FrameworkException.php on line 39.
 1 SYSTEMPATH\View\View.php(212): CodeIgniter\Exceptions\FrameworkException::forInvalidFile('templates/sidebar.php')
 2 SYSTEMPATH\View\View.php(475): CodeIgniter\View\View->render('templates/sidebar', null, true)
 3 APPPATH\Views\admin\main.php(19): CodeIgniter\View\View->include('templates/sidebar')
 4 SYSTEMPATH\View\View.php(224): include('D:\\Tubes TEKWEB\\Tupopgaming\\app\\Views\\admin\\main.php')
 5 SYSTEMPATH\View\View.php(227): CodeIgniter\View\View->{closure:CodeIgniter\View\View::render():221}()
 6 SYSTEMPATH\View\View.php(240): CodeIgniter\View\View->render('admin/main', [], true)
 7 SYSTEMPATH\Common.php(1173): CodeIgniter\View\View->render('content/dashboard', [], true)
 8 APPPATH\Controllers\Admin\Dashboard.php(11): view('content/dashboard')
 9 SYSTEMPATH\CodeIgniter.php(933): App\Controllers\Admin\Dashboard->index()
10 SYSTEMPATH\CodeIgniter.php(507): CodeIgniter\CodeIgniter->runController(Object(App\Controllers\Admin\Dashboard))
11 SYSTEMPATH\CodeIgniter.php(354): CodeIgniter\CodeIgniter->handleRequest(null, Object(Config\Cache), false)
12 SYSTEMPATH\Boot.php(334): CodeIgniter\CodeIgniter->run()
13 SYSTEMPATH\Boot.php(67): CodeIgniter\Boot::runCodeIgniter(Object(CodeIgniter\CodeIgniter))
14 FCPATH\index.php(56): CodeIgniter\Boot::bootWeb(Object(Config\Paths))
15 SYSTEMPATH\rewrite.php(44): require_once('D:\\Tubes TEKWEB\\Tupopgaming\\public\\index.php')
CRITICAL - 2025-07-01 03:43:58 --> CodeIgniter\View\Exceptions\ViewException: Invalid file: "templates/sidebar.php"
[Method: GET, Route: admin/dashboard]
in SYSTEMPATH\Exceptions\FrameworkException.php on line 39.
 1 SYSTEMPATH\View\View.php(212): CodeIgniter\Exceptions\FrameworkException::forInvalidFile('templates/sidebar.php')
 2 SYSTEMPATH\View\View.php(475): CodeIgniter\View\View->render('templates/sidebar', null, true)
 3 APPPATH\Views\admin\main.php(19): CodeIgniter\View\View->include('templates/sidebar')
 4 SYSTEMPATH\View\View.php(224): include('D:\\Tubes TEKWEB\\Tupopgaming\\app\\Views\\admin\\main.php')
 5 SYSTEMPATH\View\View.php(227): CodeIgniter\View\View->{closure:CodeIgniter\View\View::render():221}()
 6 SYSTEMPATH\View\View.php(240): CodeIgniter\View\View->render('admin/main', [], true)
 7 SYSTEMPATH\Common.php(1173): CodeIgniter\View\View->render('content/dashboard', [], true)
 8 APPPATH\Controllers\Admin\Dashboard.php(11): view('content/dashboard')
 9 SYSTEMPATH\CodeIgniter.php(933): App\Controllers\Admin\Dashboard->index()
10 SYSTEMPATH\CodeIgniter.php(507): CodeIgniter\CodeIgniter->runController(Object(App\Controllers\Admin\Dashboard))
11 SYSTEMPATH\CodeIgniter.php(354): CodeIgniter\CodeIgniter->handleRequest(null, Object(Config\Cache), false)
12 SYSTEMPATH\Boot.php(334): CodeIgniter\CodeIgniter->run()
13 SYSTEMPATH\Boot.php(67): CodeIgniter\Boot::runCodeIgniter(Object(CodeIgniter\CodeIgniter))
14 FCPATH\index.php(56): CodeIgniter\Boot::bootWeb(Object(Config\Paths))
15 SYSTEMPATH\rewrite.php(44): require_once('D:\\Tubes TEKWEB\\Tupopgaming\\public\\index.php')
CRITICAL - 2025-07-01 03:46:29 --> CodeIgniter\View\Exceptions\ViewException: Invalid file: "templates/sidebar.php"
[Method: GET, Route: admin/dashboard]
in SYSTEMPATH\Exceptions\FrameworkException.php on line 39.
 1 SYSTEMPATH\View\View.php(212): CodeIgniter\Exceptions\FrameworkException::forInvalidFile('templates/sidebar.php')
 2 SYSTEMPATH\View\View.php(475): CodeIgniter\View\View->render('templates/sidebar', null, true)
 3 APPPATH\Views\admin\main.php(19): CodeIgniter\View\View->include('templates/sidebar')
 4 SYSTEMPATH\View\View.php(224): include('D:\\Tubes TEKWEB\\Tupopgaming\\app\\Views\\admin\\main.php')
 5 SYSTEMPATH\View\View.php(227): CodeIgniter\View\View->{closure:CodeIgniter\View\View::render():221}()
 6 SYSTEMPATH\View\View.php(240): CodeIgniter\View\View->render('admin/main', [], true)
 7 SYSTEMPATH\Common.php(1173): CodeIgniter\View\View->render('content/dashboard', [], true)
 8 APPPATH\Controllers\Admin\Dashboard.php(11): view('content/dashboard')
 9 SYSTEMPATH\CodeIgniter.php(933): App\Controllers\Admin\Dashboard->index()
10 SYSTEMPATH\CodeIgniter.php(507): CodeIgniter\CodeIgniter->runController(Object(App\Controllers\Admin\Dashboard))
11 SYSTEMPATH\CodeIgniter.php(354): CodeIgniter\CodeIgniter->handleRequest(null, Object(Config\Cache), false)
12 SYSTEMPATH\Boot.php(334): CodeIgniter\CodeIgniter->run()
13 SYSTEMPATH\Boot.php(67): CodeIgniter\Boot::runCodeIgniter(Object(CodeIgniter\CodeIgniter))
14 FCPATH\index.php(56): CodeIgniter\Boot::bootWeb(Object(Config\Paths))
15 SYSTEMPATH\rewrite.php(44): require_once('D:\\Tubes TEKWEB\\Tupopgaming\\public\\index.php')
CRITICAL - 2025-07-01 03:46:31 --> CodeIgniter\View\Exceptions\ViewException: Invalid file: "templates/sidebar.php"
[Method: GET, Route: admin/dashboard]
in SYSTEMPATH\Exceptions\FrameworkException.php on line 39.
 1 SYSTEMPATH\View\View.php(212): CodeIgniter\Exceptions\FrameworkException::forInvalidFile('templates/sidebar.php')
 2 SYSTEMPATH\View\View.php(475): CodeIgniter\View\View->render('templates/sidebar', null, true)
 3 APPPATH\Views\admin\main.php(19): CodeIgniter\View\View->include('templates/sidebar')
 4 SYSTEMPATH\View\View.php(224): include('D:\\Tubes TEKWEB\\Tupopgaming\\app\\Views\\admin\\main.php')
 5 SYSTEMPATH\View\View.php(227): CodeIgniter\View\View->{closure:CodeIgniter\View\View::render():221}()
 6 SYSTEMPATH\View\View.php(240): CodeIgniter\View\View->render('admin/main', [], true)
 7 SYSTEMPATH\Common.php(1173): CodeIgniter\View\View->render('content/dashboard', [], true)
 8 APPPATH\Controllers\Admin\Dashboard.php(11): view('content/dashboard')
 9 SYSTEMPATH\CodeIgniter.php(933): App\Controllers\Admin\Dashboard->index()
10 SYSTEMPATH\CodeIgniter.php(507): CodeIgniter\CodeIgniter->runController(Object(App\Controllers\Admin\Dashboard))
11 SYSTEMPATH\CodeIgniter.php(354): CodeIgniter\CodeIgniter->handleRequest(null, Object(Config\Cache), false)
12 SYSTEMPATH\Boot.php(334): CodeIgniter\CodeIgniter->run()
13 SYSTEMPATH\Boot.php(67): CodeIgniter\Boot::runCodeIgniter(Object(CodeIgniter\CodeIgniter))
14 FCPATH\index.php(56): CodeIgniter\Boot::bootWeb(Object(Config\Paths))
15 SYSTEMPATH\rewrite.php(44): require_once('D:\\Tubes TEKWEB\\Tupopgaming\\public\\index.php')
CRITICAL - 2025-07-01 03:49:08 --> CodeIgniter\View\Exceptions\ViewException: Invalid file: "templates/sidebar.php"
[Method: GET, Route: admin/dashboard]
in SYSTEMPATH\Exceptions\FrameworkException.php on line 39.
 1 SYSTEMPATH\View\View.php(212): CodeIgniter\Exceptions\FrameworkException::forInvalidFile('templates/sidebar.php')
 2 SYSTEMPATH\View\View.php(475): CodeIgniter\View\View->render('templates/sidebar', null, true)
 3 APPPATH\Views\admin\main.php(19): CodeIgniter\View\View->include('templates/sidebar')
 4 SYSTEMPATH\View\View.php(224): include('D:\\Tubes TEKWEB\\Tupopgaming\\app\\Views\\admin\\main.php')
 5 SYSTEMPATH\View\View.php(227): CodeIgniter\View\View->{closure:CodeIgniter\View\View::render():221}()
 6 SYSTEMPATH\View\View.php(240): CodeIgniter\View\View->render('admin/main', [], true)
 7 SYSTEMPATH\Common.php(1173): CodeIgniter\View\View->render('content/dashboard', [], true)
 8 APPPATH\Controllers\Admin\Dashboard.php(11): view('content/dashboard')
 9 SYSTEMPATH\CodeIgniter.php(933): App\Controllers\Admin\Dashboard->index()
10 SYSTEMPATH\CodeIgniter.php(507): CodeIgniter\CodeIgniter->runController(Object(App\Controllers\Admin\Dashboard))
11 SYSTEMPATH\CodeIgniter.php(354): CodeIgniter\CodeIgniter->handleRequest(null, Object(Config\Cache), false)
12 SYSTEMPATH\Boot.php(334): CodeIgniter\CodeIgniter->run()
13 SYSTEMPATH\Boot.php(67): CodeIgniter\Boot::runCodeIgniter(Object(CodeIgniter\CodeIgniter))
14 FCPATH\index.php(56): CodeIgniter\Boot::bootWeb(Object(Config\Paths))
15 SYSTEMPATH\rewrite.php(44): require_once('D:\\Tubes TEKWEB\\Tupopgaming\\public\\index.php')
CRITICAL - 2025-07-01 03:49:31 --> CodeIgniter\View\Exceptions\ViewException: Invalid file: "templates/sidebar.php"
[Method: GET, Route: admin/dashboard]
in SYSTEMPATH\Exceptions\FrameworkException.php on line 39.
 1 SYSTEMPATH\View\View.php(212): CodeIgniter\Exceptions\FrameworkException::forInvalidFile('templates/sidebar.php')
 2 SYSTEMPATH\View\View.php(475): CodeIgniter\View\View->render('templates/sidebar', null, true)
 3 APPPATH\Views\admin\main.php(19): CodeIgniter\View\View->include('templates/sidebar')
 4 SYSTEMPATH\View\View.php(224): include('D:\\Tubes TEKWEB\\Tupopgaming\\app\\Views\\admin\\main.php')
 5 SYSTEMPATH\View\View.php(227): CodeIgniter\View\View->{closure:CodeIgniter\View\View::render():221}()
 6 SYSTEMPATH\View\View.php(240): CodeIgniter\View\View->render('admin/main', [], true)
 7 SYSTEMPATH\Common.php(1173): CodeIgniter\View\View->render('content/dashboard', [], true)
 8 APPPATH\Controllers\Admin\Dashboard.php(11): view('content/dashboard')
 9 SYSTEMPATH\CodeIgniter.php(933): App\Controllers\Admin\Dashboard->index()
10 SYSTEMPATH\CodeIgniter.php(507): CodeIgniter\CodeIgniter->runController(Object(App\Controllers\Admin\Dashboard))
11 SYSTEMPATH\CodeIgniter.php(354): CodeIgniter\CodeIgniter->handleRequest(null, Object(Config\Cache), false)
12 SYSTEMPATH\Boot.php(334): CodeIgniter\CodeIgniter->run()
13 SYSTEMPATH\Boot.php(67): CodeIgniter\Boot::runCodeIgniter(Object(CodeIgniter\CodeIgniter))
14 FCPATH\index.php(56): CodeIgniter\Boot::bootWeb(Object(Config\Paths))
15 SYSTEMPATH\rewrite.php(44): require_once('D:\\Tubes TEKWEB\\Tupopgaming\\public\\index.php')
CRITICAL - 2025-07-01 03:50:11 --> CodeIgniter\View\Exceptions\ViewException: Invalid file: "templates/sidebar.php"
[Method: GET, Route: admin/dashboard]
in SYSTEMPATH\Exceptions\FrameworkException.php on line 39.
 1 SYSTEMPATH\View\View.php(212): CodeIgniter\Exceptions\FrameworkException::forInvalidFile('templates/sidebar.php')
 2 SYSTEMPATH\View\View.php(475): CodeIgniter\View\View->render('templates/sidebar', null, true)
 3 APPPATH\Views\admin\main.php(19): CodeIgniter\View\View->include('templates/sidebar')
 4 SYSTEMPATH\View\View.php(224): include('D:\\Tubes TEKWEB\\Tupopgaming\\app\\Views\\admin\\main.php')
 5 SYSTEMPATH\View\View.php(227): CodeIgniter\View\View->{closure:CodeIgniter\View\View::render():221}()
 6 SYSTEMPATH\View\View.php(240): CodeIgniter\View\View->render('admin/main', [], true)
 7 SYSTEMPATH\Common.php(1173): CodeIgniter\View\View->render('content/dashboard', [], true)
 8 APPPATH\Controllers\Admin\Dashboard.php(11): view('content/dashboard')
 9 SYSTEMPATH\CodeIgniter.php(933): App\Controllers\Admin\Dashboard->index()
10 SYSTEMPATH\CodeIgniter.php(507): CodeIgniter\CodeIgniter->runController(Object(App\Controllers\Admin\Dashboard))
11 SYSTEMPATH\CodeIgniter.php(354): CodeIgniter\CodeIgniter->handleRequest(null, Object(Config\Cache), false)
12 SYSTEMPATH\Boot.php(334): CodeIgniter\CodeIgniter->run()
13 SYSTEMPATH\Boot.php(67): CodeIgniter\Boot::runCodeIgniter(Object(CodeIgniter\CodeIgniter))
14 FCPATH\index.php(56): CodeIgniter\Boot::bootWeb(Object(Config\Paths))
15 SYSTEMPATH\rewrite.php(44): require_once('D:\\Tubes TEKWEB\\Tupopgaming\\public\\index.php')
CRITICAL - 2025-07-01 03:50:12 --> CodeIgniter\View\Exceptions\ViewException: Invalid file: "templates/sidebar.php"
[Method: GET, Route: admin/dashboard]
in SYSTEMPATH\Exceptions\FrameworkException.php on line 39.
 1 SYSTEMPATH\View\View.php(212): CodeIgniter\Exceptions\FrameworkException::forInvalidFile('templates/sidebar.php')
 2 SYSTEMPATH\View\View.php(475): CodeIgniter\View\View->render('templates/sidebar', null, true)
 3 APPPATH\Views\admin\main.php(19): CodeIgniter\View\View->include('templates/sidebar')
 4 SYSTEMPATH\View\View.php(224): include('D:\\Tubes TEKWEB\\Tupopgaming\\app\\Views\\admin\\main.php')
 5 SYSTEMPATH\View\View.php(227): CodeIgniter\View\View->{closure:CodeIgniter\View\View::render():221}()
 6 SYSTEMPATH\View\View.php(240): CodeIgniter\View\View->render('admin/main', [], true)
 7 SYSTEMPATH\Common.php(1173): CodeIgniter\View\View->render('content/dashboard', [], true)
 8 APPPATH\Controllers\Admin\Dashboard.php(11): view('content/dashboard')
 9 SYSTEMPATH\CodeIgniter.php(933): App\Controllers\Admin\Dashboard->index()
10 SYSTEMPATH\CodeIgniter.php(507): CodeIgniter\CodeIgniter->runController(Object(App\Controllers\Admin\Dashboard))
11 SYSTEMPATH\CodeIgniter.php(354): CodeIgniter\CodeIgniter->handleRequest(null, Object(Config\Cache), false)
12 SYSTEMPATH\Boot.php(334): CodeIgniter\CodeIgniter->run()
13 SYSTEMPATH\Boot.php(67): CodeIgniter\Boot::runCodeIgniter(Object(CodeIgniter\CodeIgniter))
14 FCPATH\index.php(56): CodeIgniter\Boot::bootWeb(Object(Config\Paths))
15 SYSTEMPATH\rewrite.php(44): require_once('D:\\Tubes TEKWEB\\Tupopgaming\\public\\index.php')
CRITICAL - 2025-07-01 03:50:12 --> CodeIgniter\View\Exceptions\ViewException: Invalid file: "templates/sidebar.php"
[Method: GET, Route: admin/dashboard]
in SYSTEMPATH\Exceptions\FrameworkException.php on line 39.
 1 SYSTEMPATH\View\View.php(212): CodeIgniter\Exceptions\FrameworkException::forInvalidFile('templates/sidebar.php')
 2 SYSTEMPATH\View\View.php(475): CodeIgniter\View\View->render('templates/sidebar', null, true)
 3 APPPATH\Views\admin\main.php(19): CodeIgniter\View\View->include('templates/sidebar')
 4 SYSTEMPATH\View\View.php(224): include('D:\\Tubes TEKWEB\\Tupopgaming\\app\\Views\\admin\\main.php')
 5 SYSTEMPATH\View\View.php(227): CodeIgniter\View\View->{closure:CodeIgniter\View\View::render():221}()
 6 SYSTEMPATH\View\View.php(240): CodeIgniter\View\View->render('admin/main', [], true)
 7 SYSTEMPATH\Common.php(1173): CodeIgniter\View\View->render('content/dashboard', [], true)
 8 APPPATH\Controllers\Admin\Dashboard.php(11): view('content/dashboard')
 9 SYSTEMPATH\CodeIgniter.php(933): App\Controllers\Admin\Dashboard->index()
10 SYSTEMPATH\CodeIgniter.php(507): CodeIgniter\CodeIgniter->runController(Object(App\Controllers\Admin\Dashboard))
11 SYSTEMPATH\CodeIgniter.php(354): CodeIgniter\CodeIgniter->handleRequest(null, Object(Config\Cache), false)
12 SYSTEMPATH\Boot.php(334): CodeIgniter\CodeIgniter->run()
13 SYSTEMPATH\Boot.php(67): CodeIgniter\Boot::runCodeIgniter(Object(CodeIgniter\CodeIgniter))
14 FCPATH\index.php(56): CodeIgniter\Boot::bootWeb(Object(Config\Paths))
15 SYSTEMPATH\rewrite.php(44): require_once('D:\\Tubes TEKWEB\\Tupopgaming\\public\\index.php')
CRITICAL - 2025-07-01 03:50:13 --> CodeIgniter\View\Exceptions\ViewException: Invalid file: "templates/sidebar.php"
[Method: GET, Route: admin/dashboard]
in SYSTEMPATH\Exceptions\FrameworkException.php on line 39.
 1 SYSTEMPATH\View\View.php(212): CodeIgniter\Exceptions\FrameworkException::forInvalidFile('templates/sidebar.php')
 2 SYSTEMPATH\View\View.php(475): CodeIgniter\View\View->render('templates/sidebar', null, true)
 3 APPPATH\Views\admin\main.php(19): CodeIgniter\View\View->include('templates/sidebar')
 4 SYSTEMPATH\View\View.php(224): include('D:\\Tubes TEKWEB\\Tupopgaming\\app\\Views\\admin\\main.php')
 5 SYSTEMPATH\View\View.php(227): CodeIgniter\View\View->{closure:CodeIgniter\View\View::render():221}()
 6 SYSTEMPATH\View\View.php(240): CodeIgniter\View\View->render('admin/main', [], true)
 7 SYSTEMPATH\Common.php(1173): CodeIgniter\View\View->render('content/dashboard', [], true)
 8 APPPATH\Controllers\Admin\Dashboard.php(11): view('content/dashboard')
 9 SYSTEMPATH\CodeIgniter.php(933): App\Controllers\Admin\Dashboard->index()
10 SYSTEMPATH\CodeIgniter.php(507): CodeIgniter\CodeIgniter->runController(Object(App\Controllers\Admin\Dashboard))
11 SYSTEMPATH\CodeIgniter.php(354): CodeIgniter\CodeIgniter->handleRequest(null, Object(Config\Cache), false)
12 SYSTEMPATH\Boot.php(334): CodeIgniter\CodeIgniter->run()
13 SYSTEMPATH\Boot.php(67): CodeIgniter\Boot::runCodeIgniter(Object(CodeIgniter\CodeIgniter))
14 FCPATH\index.php(56): CodeIgniter\Boot::bootWeb(Object(Config\Paths))
15 SYSTEMPATH\rewrite.php(44): require_once('D:\\Tubes TEKWEB\\Tupopgaming\\public\\index.php')
CRITICAL - 2025-07-01 03:54:33 --> Error: Class "App\Controllers\Admin\BaseController" not found
[Method: GET, Route: admin/dashboard]
in APPPATH\Controllers\Admin\Dashboard.php on line 7.
 1 SYSTEMPATH\Autoloader\Autoloader.php(316): include_once()
 2 SYSTEMPATH\Autoloader\Autoloader.php(295): CodeIgniter\Autoloader\Autoloader->includeFile('D:\\Tubes TEKWEB\\Tupopgaming\\app\\Controllers\\Admin\\Dashboard.php')
 3 SYSTEMPATH\Autoloader\Autoloader.php(271): CodeIgniter\Autoloader\Autoloader->loadInNamespace('App\\Controllers\\Admin\\Dashboard')
 4 [internal function]: CodeIgniter\Autoloader\Autoloader->loadClass('App\\Controllers\\Admin\\Dashboard')
 5 SYSTEMPATH\CodeIgniter.php(885): class_exists('\\App\\Controllers\\Admin\\Dashboard', true)
 6 SYSTEMPATH\CodeIgniter.php(494): CodeIgniter\CodeIgniter->startController()
 7 SYSTEMPATH\CodeIgniter.php(354): CodeIgniter\CodeIgniter->handleRequest(null, Object(Config\Cache), false)
 8 SYSTEMPATH\Boot.php(334): CodeIgniter\CodeIgniter->run()
 9 SYSTEMPATH\Boot.php(67): CodeIgniter\Boot::runCodeIgniter(Object(CodeIgniter\CodeIgniter))
10 FCPATH\index.php(56): CodeIgniter\Boot::bootWeb(Object(Config\Paths))
11 SYSTEMPATH\rewrite.php(44): require_once('D:\\Tubes TEKWEB\\Tupopgaming\\public\\index.php')
CRITICAL - 2025-07-01 03:54:34 --> Error: Class "App\Controllers\Admin\BaseController" not found
[Method: GET, Route: admin/dashboard]
in APPPATH\Controllers\Admin\Dashboard.php on line 7.
 1 SYSTEMPATH\Autoloader\Autoloader.php(316): include_once()
 2 SYSTEMPATH\Autoloader\Autoloader.php(295): CodeIgniter\Autoloader\Autoloader->includeFile('D:\\Tubes TEKWEB\\Tupopgaming\\app\\Controllers\\Admin\\Dashboard.php')
 3 SYSTEMPATH\Autoloader\Autoloader.php(271): CodeIgniter\Autoloader\Autoloader->loadInNamespace('App\\Controllers\\Admin\\Dashboard')
 4 [internal function]: CodeIgniter\Autoloader\Autoloader->loadClass('App\\Controllers\\Admin\\Dashboard')
 5 SYSTEMPATH\CodeIgniter.php(885): class_exists('\\App\\Controllers\\Admin\\Dashboard', true)
 6 SYSTEMPATH\CodeIgniter.php(494): CodeIgniter\CodeIgniter->startController()
 7 SYSTEMPATH\CodeIgniter.php(354): CodeIgniter\CodeIgniter->handleRequest(null, Object(Config\Cache), false)
 8 SYSTEMPATH\Boot.php(334): CodeIgniter\CodeIgniter->run()
 9 SYSTEMPATH\Boot.php(67): CodeIgniter\Boot::runCodeIgniter(Object(CodeIgniter\CodeIgniter))
10 FCPATH\index.php(56): CodeIgniter\Boot::bootWeb(Object(Config\Paths))
11 SYSTEMPATH\rewrite.php(44): require_once('D:\\Tubes TEKWEB\\Tupopgaming\\public\\index.php')
CRITICAL - 2025-07-01 03:56:05 --> CodeIgniter\View\Exceptions\ViewException: Invalid file: "templates/sidebar.php"
[Method: GET, Route: admin/dashboard]
in SYSTEMPATH\Exceptions\FrameworkException.php on line 39.
 1 SYSTEMPATH\View\View.php(212): CodeIgniter\Exceptions\FrameworkException::forInvalidFile('templates/sidebar.php')
 2 SYSTEMPATH\View\View.php(475): CodeIgniter\View\View->render('templates/sidebar', null, true)
 3 APPPATH\Views\admin\main.php(19): CodeIgniter\View\View->include('templates/sidebar')
 4 SYSTEMPATH\View\View.php(224): include('D:\\Tubes TEKWEB\\Tupopgaming\\app\\Views\\admin\\main.php')
 5 SYSTEMPATH\View\View.php(227): CodeIgniter\View\View->{closure:CodeIgniter\View\View::render():221}()
 6 SYSTEMPATH\View\View.php(240): CodeIgniter\View\View->render('admin/main', [], true)
 7 SYSTEMPATH\Common.php(1173): CodeIgniter\View\View->render('content/dashboard', [], true)
 8 APPPATH\Controllers\Admin\Dashboard.php(11): view('content/dashboard')
 9 SYSTEMPATH\CodeIgniter.php(933): App\Controllers\Admin\Dashboard->index()
10 SYSTEMPATH\CodeIgniter.php(507): CodeIgniter\CodeIgniter->runController(Object(App\Controllers\Admin\Dashboard))
11 SYSTEMPATH\CodeIgniter.php(354): CodeIgniter\CodeIgniter->handleRequest(null, Object(Config\Cache), false)
12 SYSTEMPATH\Boot.php(334): CodeIgniter\CodeIgniter->run()
13 SYSTEMPATH\Boot.php(67): CodeIgniter\Boot::runCodeIgniter(Object(CodeIgniter\CodeIgniter))
14 FCPATH\index.php(56): CodeIgniter\Boot::bootWeb(Object(Config\Paths))
15 SYSTEMPATH\rewrite.php(44): require_once('D:\\Tubes TEKWEB\\Tupopgaming\\public\\index.php')
CRITICAL - 2025-07-01 03:56:09 --> CodeIgniter\View\Exceptions\ViewException: Invalid file: "templates/sidebar.php"
[Method: GET, Route: admin/dashboard]
in SYSTEMPATH\Exceptions\FrameworkException.php on line 39.
 1 SYSTEMPATH\View\View.php(212): CodeIgniter\Exceptions\FrameworkException::forInvalidFile('templates/sidebar.php')
 2 SYSTEMPATH\View\View.php(475): CodeIgniter\View\View->render('templates/sidebar', null, true)
 3 APPPATH\Views\admin\main.php(19): CodeIgniter\View\View->include('templates/sidebar')
 4 SYSTEMPATH\View\View.php(224): include('D:\\Tubes TEKWEB\\Tupopgaming\\app\\Views\\admin\\main.php')
 5 SYSTEMPATH\View\View.php(227): CodeIgniter\View\View->{closure:CodeIgniter\View\View::render():221}()
 6 SYSTEMPATH\View\View.php(240): CodeIgniter\View\View->render('admin/main', [], true)
 7 SYSTEMPATH\Common.php(1173): CodeIgniter\View\View->render('content/dashboard', [], true)
 8 APPPATH\Controllers\Admin\Dashboard.php(11): view('content/dashboard')
 9 SYSTEMPATH\CodeIgniter.php(933): App\Controllers\Admin\Dashboard->index()
10 SYSTEMPATH\CodeIgniter.php(507): CodeIgniter\CodeIgniter->runController(Object(App\Controllers\Admin\Dashboard))
11 SYSTEMPATH\CodeIgniter.php(354): CodeIgniter\CodeIgniter->handleRequest(null, Object(Config\Cache), false)
12 SYSTEMPATH\Boot.php(334): CodeIgniter\CodeIgniter->run()
13 SYSTEMPATH\Boot.php(67): CodeIgniter\Boot::runCodeIgniter(Object(CodeIgniter\CodeIgniter))
14 FCPATH\index.php(56): CodeIgniter\Boot::bootWeb(Object(Config\Paths))
15 SYSTEMPATH\rewrite.php(44): require_once('D:\\Tubes TEKWEB\\Tupopgaming\\public\\index.php')
CRITICAL - 2025-07-01 03:57:22 --> CodeIgniter\View\Exceptions\ViewException: Invalid file: "templates/sidebar.php"
[Method: GET, Route: admin/dashboard]
in SYSTEMPATH\Exceptions\FrameworkException.php on line 39.
 1 SYSTEMPATH\View\View.php(212): CodeIgniter\Exceptions\FrameworkException::forInvalidFile('templates/sidebar.php')
 2 SYSTEMPATH\View\View.php(475): CodeIgniter\View\View->render('templates/sidebar', null, true)
 3 APPPATH\Views\admin\main.php(19): CodeIgniter\View\View->include('templates/sidebar')
 4 SYSTEMPATH\View\View.php(224): include('D:\\Tubes TEKWEB\\Tupopgaming\\app\\Views\\admin\\main.php')
 5 SYSTEMPATH\View\View.php(227): CodeIgniter\View\View->{closure:CodeIgniter\View\View::render():221}()
 6 SYSTEMPATH\View\View.php(240): CodeIgniter\View\View->render('admin/main', [], true)
 7 SYSTEMPATH\Common.php(1173): CodeIgniter\View\View->render('content/dashboard', [], true)
 8 APPPATH\Controllers\Admin\Dashboard.php(11): view('content/dashboard')
 9 SYSTEMPATH\CodeIgniter.php(933): App\Controllers\Admin\Dashboard->index()
10 SYSTEMPATH\CodeIgniter.php(507): CodeIgniter\CodeIgniter->runController(Object(App\Controllers\Admin\Dashboard))
11 SYSTEMPATH\CodeIgniter.php(354): CodeIgniter\CodeIgniter->handleRequest(null, Object(Config\Cache), false)
12 SYSTEMPATH\Boot.php(334): CodeIgniter\CodeIgniter->run()
13 SYSTEMPATH\Boot.php(67): CodeIgniter\Boot::runCodeIgniter(Object(CodeIgniter\CodeIgniter))
14 FCPATH\index.php(56): CodeIgniter\Boot::bootWeb(Object(Config\Paths))
15 SYSTEMPATH\rewrite.php(44): require_once('D:\\Tubes TEKWEB\\Tupopgaming\\public\\index.php')
CRITICAL - 2025-07-01 03:57:23 --> CodeIgniter\View\Exceptions\ViewException: Invalid file: "templates/sidebar.php"
[Method: GET, Route: admin/dashboard]
in SYSTEMPATH\Exceptions\FrameworkException.php on line 39.
 1 SYSTEMPATH\View\View.php(212): CodeIgniter\Exceptions\FrameworkException::forInvalidFile('templates/sidebar.php')
 2 SYSTEMPATH\View\View.php(475): CodeIgniter\View\View->render('templates/sidebar', null, true)
 3 APPPATH\Views\admin\main.php(19): CodeIgniter\View\View->include('templates/sidebar')
 4 SYSTEMPATH\View\View.php(224): include('D:\\Tubes TEKWEB\\Tupopgaming\\app\\Views\\admin\\main.php')
 5 SYSTEMPATH\View\View.php(227): CodeIgniter\View\View->{closure:CodeIgniter\View\View::render():221}()
 6 SYSTEMPATH\View\View.php(240): CodeIgniter\View\View->render('admin/main', [], true)
 7 SYSTEMPATH\Common.php(1173): CodeIgniter\View\View->render('content/dashboard', [], true)
 8 APPPATH\Controllers\Admin\Dashboard.php(11): view('content/dashboard')
 9 SYSTEMPATH\CodeIgniter.php(933): App\Controllers\Admin\Dashboard->index()
10 SYSTEMPATH\CodeIgniter.php(507): CodeIgniter\CodeIgniter->runController(Object(App\Controllers\Admin\Dashboard))
11 SYSTEMPATH\CodeIgniter.php(354): CodeIgniter\CodeIgniter->handleRequest(null, Object(Config\Cache), false)
12 SYSTEMPATH\Boot.php(334): CodeIgniter\CodeIgniter->run()
13 SYSTEMPATH\Boot.php(67): CodeIgniter\Boot::runCodeIgniter(Object(CodeIgniter\CodeIgniter))
14 FCPATH\index.php(56): CodeIgniter\Boot::bootWeb(Object(Config\Paths))
15 SYSTEMPATH\rewrite.php(44): require_once('D:\\Tubes TEKWEB\\Tupopgaming\\public\\index.php')
CRITICAL - 2025-07-01 03:57:23 --> CodeIgniter\View\Exceptions\ViewException: Invalid file: "templates/sidebar.php"
[Method: GET, Route: admin/dashboard]
in SYSTEMPATH\Exceptions\FrameworkException.php on line 39.
 1 SYSTEMPATH\View\View.php(212): CodeIgniter\Exceptions\FrameworkException::forInvalidFile('templates/sidebar.php')
 2 SYSTEMPATH\View\View.php(475): CodeIgniter\View\View->render('templates/sidebar', null, true)
 3 APPPATH\Views\admin\main.php(19): CodeIgniter\View\View->include('templates/sidebar')
 4 SYSTEMPATH\View\View.php(224): include('D:\\Tubes TEKWEB\\Tupopgaming\\app\\Views\\admin\\main.php')
 5 SYSTEMPATH\View\View.php(227): CodeIgniter\View\View->{closure:CodeIgniter\View\View::render():221}()
 6 SYSTEMPATH\View\View.php(240): CodeIgniter\View\View->render('admin/main', [], true)
 7 SYSTEMPATH\Common.php(1173): CodeIgniter\View\View->render('content/dashboard', [], true)
 8 APPPATH\Controllers\Admin\Dashboard.php(11): view('content/dashboard')
 9 SYSTEMPATH\CodeIgniter.php(933): App\Controllers\Admin\Dashboard->index()
10 SYSTEMPATH\CodeIgniter.php(507): CodeIgniter\CodeIgniter->runController(Object(App\Controllers\Admin\Dashboard))
11 SYSTEMPATH\CodeIgniter.php(354): CodeIgniter\CodeIgniter->handleRequest(null, Object(Config\Cache), false)
12 SYSTEMPATH\Boot.php(334): CodeIgniter\CodeIgniter->run()
13 SYSTEMPATH\Boot.php(67): CodeIgniter\Boot::runCodeIgniter(Object(CodeIgniter\CodeIgniter))
14 FCPATH\index.php(56): CodeIgniter\Boot::bootWeb(Object(Config\Paths))
15 SYSTEMPATH\rewrite.php(44): require_once('D:\\Tubes TEKWEB\\Tupopgaming\\public\\index.php')
CRITICAL - 2025-07-01 03:57:24 --> CodeIgniter\View\Exceptions\ViewException: Invalid file: "templates/sidebar.php"
[Method: GET, Route: admin/dashboard]
in SYSTEMPATH\Exceptions\FrameworkException.php on line 39.
 1 SYSTEMPATH\View\View.php(212): CodeIgniter\Exceptions\FrameworkException::forInvalidFile('templates/sidebar.php')
 2 SYSTEMPATH\View\View.php(475): CodeIgniter\View\View->render('templates/sidebar', null, true)
 3 APPPATH\Views\admin\main.php(19): CodeIgniter\View\View->include('templates/sidebar')
 4 SYSTEMPATH\View\View.php(224): include('D:\\Tubes TEKWEB\\Tupopgaming\\app\\Views\\admin\\main.php')
 5 SYSTEMPATH\View\View.php(227): CodeIgniter\View\View->{closure:CodeIgniter\View\View::render():221}()
 6 SYSTEMPATH\View\View.php(240): CodeIgniter\View\View->render('admin/main', [], true)
 7 SYSTEMPATH\Common.php(1173): CodeIgniter\View\View->render('content/dashboard', [], true)
 8 APPPATH\Controllers\Admin\Dashboard.php(11): view('content/dashboard')
 9 SYSTEMPATH\CodeIgniter.php(933): App\Controllers\Admin\Dashboard->index()
10 SYSTEMPATH\CodeIgniter.php(507): CodeIgniter\CodeIgniter->runController(Object(App\Controllers\Admin\Dashboard))
11 SYSTEMPATH\CodeIgniter.php(354): CodeIgniter\CodeIgniter->handleRequest(null, Object(Config\Cache), false)
12 SYSTEMPATH\Boot.php(334): CodeIgniter\CodeIgniter->run()
13 SYSTEMPATH\Boot.php(67): CodeIgniter\Boot::runCodeIgniter(Object(CodeIgniter\CodeIgniter))
14 FCPATH\index.php(56): CodeIgniter\Boot::bootWeb(Object(Config\Paths))
15 SYSTEMPATH\rewrite.php(44): require_once('D:\\Tubes TEKWEB\\Tupopgaming\\public\\index.php')
CRITICAL - 2025-07-01 03:57:24 --> CodeIgniter\View\Exceptions\ViewException: Invalid file: "templates/sidebar.php"
[Method: GET, Route: admin/dashboard]
in SYSTEMPATH\Exceptions\FrameworkException.php on line 39.
 1 SYSTEMPATH\View\View.php(212): CodeIgniter\Exceptions\FrameworkException::forInvalidFile('templates/sidebar.php')
 2 SYSTEMPATH\View\View.php(475): CodeIgniter\View\View->render('templates/sidebar', null, true)
 3 APPPATH\Views\admin\main.php(19): CodeIgniter\View\View->include('templates/sidebar')
 4 SYSTEMPATH\View\View.php(224): include('D:\\Tubes TEKWEB\\Tupopgaming\\app\\Views\\admin\\main.php')
 5 SYSTEMPATH\View\View.php(227): CodeIgniter\View\View->{closure:CodeIgniter\View\View::render():221}()
 6 SYSTEMPATH\View\View.php(240): CodeIgniter\View\View->render('admin/main', [], true)
 7 SYSTEMPATH\Common.php(1173): CodeIgniter\View\View->render('content/dashboard', [], true)
 8 APPPATH\Controllers\Admin\Dashboard.php(11): view('content/dashboard')
 9 SYSTEMPATH\CodeIgniter.php(933): App\Controllers\Admin\Dashboard->index()
10 SYSTEMPATH\CodeIgniter.php(507): CodeIgniter\CodeIgniter->runController(Object(App\Controllers\Admin\Dashboard))
11 SYSTEMPATH\CodeIgniter.php(354): CodeIgniter\CodeIgniter->handleRequest(null, Object(Config\Cache), false)
12 SYSTEMPATH\Boot.php(334): CodeIgniter\CodeIgniter->run()
13 SYSTEMPATH\Boot.php(67): CodeIgniter\Boot::runCodeIgniter(Object(CodeIgniter\CodeIgniter))
14 FCPATH\index.php(56): CodeIgniter\Boot::bootWeb(Object(Config\Paths))
15 SYSTEMPATH\rewrite.php(44): require_once('D:\\Tubes TEKWEB\\Tupopgaming\\public\\index.php')
CRITICAL - 2025-07-01 03:57:25 --> CodeIgniter\View\Exceptions\ViewException: Invalid file: "templates/sidebar.php"
[Method: GET, Route: admin/dashboard]
in SYSTEMPATH\Exceptions\FrameworkException.php on line 39.
 1 SYSTEMPATH\View\View.php(212): CodeIgniter\Exceptions\FrameworkException::forInvalidFile('templates/sidebar.php')
 2 SYSTEMPATH\View\View.php(475): CodeIgniter\View\View->render('templates/sidebar', null, true)
 3 APPPATH\Views\admin\main.php(19): CodeIgniter\View\View->include('templates/sidebar')
 4 SYSTEMPATH\View\View.php(224): include('D:\\Tubes TEKWEB\\Tupopgaming\\app\\Views\\admin\\main.php')
 5 SYSTEMPATH\View\View.php(227): CodeIgniter\View\View->{closure:CodeIgniter\View\View::render():221}()
 6 SYSTEMPATH\View\View.php(240): CodeIgniter\View\View->render('admin/main', [], true)
 7 SYSTEMPATH\Common.php(1173): CodeIgniter\View\View->render('content/dashboard', [], true)
 8 APPPATH\Controllers\Admin\Dashboard.php(11): view('content/dashboard')
 9 SYSTEMPATH\CodeIgniter.php(933): App\Controllers\Admin\Dashboard->index()
10 SYSTEMPATH\CodeIgniter.php(507): CodeIgniter\CodeIgniter->runController(Object(App\Controllers\Admin\Dashboard))
11 SYSTEMPATH\CodeIgniter.php(354): CodeIgniter\CodeIgniter->handleRequest(null, Object(Config\Cache), false)
12 SYSTEMPATH\Boot.php(334): CodeIgniter\CodeIgniter->run()
13 SYSTEMPATH\Boot.php(67): CodeIgniter\Boot::runCodeIgniter(Object(CodeIgniter\CodeIgniter))
14 FCPATH\index.php(56): CodeIgniter\Boot::bootWeb(Object(Config\Paths))
15 SYSTEMPATH\rewrite.php(44): require_once('D:\\Tubes TEKWEB\\Tupopgaming\\public\\index.php')
CRITICAL - 2025-07-01 04:01:15 --> Error: Class "CodeIgniter\BaseController" not found
[Method: GET, Route: admin/dashboard]
in APPPATH\Controllers\Admin\Dashboard.php on line 7.
 1 SYSTEMPATH\Autoloader\Autoloader.php(316): include_once()
 2 SYSTEMPATH\Autoloader\Autoloader.php(295): CodeIgniter\Autoloader\Autoloader->includeFile('D:\\Tubes TEKWEB\\Tupopgaming\\app\\Controllers\\Admin\\Dashboard.php')
 3 SYSTEMPATH\Autoloader\Autoloader.php(271): CodeIgniter\Autoloader\Autoloader->loadInNamespace('App\\Controllers\\Admin\\Dashboard')
 4 [internal function]: CodeIgniter\Autoloader\Autoloader->loadClass('App\\Controllers\\Admin\\Dashboard')
 5 SYSTEMPATH\CodeIgniter.php(885): class_exists('\\App\\Controllers\\Admin\\Dashboard', true)
 6 SYSTEMPATH\CodeIgniter.php(494): CodeIgniter\CodeIgniter->startController()
 7 SYSTEMPATH\CodeIgniter.php(354): CodeIgniter\CodeIgniter->handleRequest(null, Object(Config\Cache), false)
 8 SYSTEMPATH\Boot.php(334): CodeIgniter\CodeIgniter->run()
 9 SYSTEMPATH\Boot.php(67): CodeIgniter\Boot::runCodeIgniter(Object(CodeIgniter\CodeIgniter))
10 FCPATH\index.php(56): CodeIgniter\Boot::bootWeb(Object(Config\Paths))
11 SYSTEMPATH\rewrite.php(44): require_once('D:\\Tubes TEKWEB\\Tupopgaming\\public\\index.php')
CRITICAL - 2025-07-01 04:01:16 --> Error: Class "CodeIgniter\BaseController" not found
[Method: GET, Route: admin/dashboard]
in APPPATH\Controllers\Admin\Dashboard.php on line 7.
 1 SYSTEMPATH\Autoloader\Autoloader.php(316): include_once()
 2 SYSTEMPATH\Autoloader\Autoloader.php(295): CodeIgniter\Autoloader\Autoloader->includeFile('D:\\Tubes TEKWEB\\Tupopgaming\\app\\Controllers\\Admin\\Dashboard.php')
 3 SYSTEMPATH\Autoloader\Autoloader.php(271): CodeIgniter\Autoloader\Autoloader->loadInNamespace('App\\Controllers\\Admin\\Dashboard')
 4 [internal function]: CodeIgniter\Autoloader\Autoloader->loadClass('App\\Controllers\\Admin\\Dashboard')
 5 SYSTEMPATH\CodeIgniter.php(885): class_exists('\\App\\Controllers\\Admin\\Dashboard', true)
 6 SYSTEMPATH\CodeIgniter.php(494): CodeIgniter\CodeIgniter->startController()
 7 SYSTEMPATH\CodeIgniter.php(354): CodeIgniter\CodeIgniter->handleRequest(null, Object(Config\Cache), false)
 8 SYSTEMPATH\Boot.php(334): CodeIgniter\CodeIgniter->run()
 9 SYSTEMPATH\Boot.php(67): CodeIgniter\Boot::runCodeIgniter(Object(CodeIgniter\CodeIgniter))
10 FCPATH\index.php(56): CodeIgniter\Boot::bootWeb(Object(Config\Paths))
11 SYSTEMPATH\rewrite.php(44): require_once('D:\\Tubes TEKWEB\\Tupopgaming\\public\\index.php')
CRITICAL - 2025-07-01 04:01:16 --> Error: Class "CodeIgniter\BaseController" not found
[Method: GET, Route: admin/dashboard]
in APPPATH\Controllers\Admin\Dashboard.php on line 7.
 1 SYSTEMPATH\Autoloader\Autoloader.php(316): include_once()
 2 SYSTEMPATH\Autoloader\Autoloader.php(295): CodeIgniter\Autoloader\Autoloader->includeFile('D:\\Tubes TEKWEB\\Tupopgaming\\app\\Controllers\\Admin\\Dashboard.php')
 3 SYSTEMPATH\Autoloader\Autoloader.php(271): CodeIgniter\Autoloader\Autoloader->loadInNamespace('App\\Controllers\\Admin\\Dashboard')
 4 [internal function]: CodeIgniter\Autoloader\Autoloader->loadClass('App\\Controllers\\Admin\\Dashboard')
 5 SYSTEMPATH\CodeIgniter.php(885): class_exists('\\App\\Controllers\\Admin\\Dashboard', true)
 6 SYSTEMPATH\CodeIgniter.php(494): CodeIgniter\CodeIgniter->startController()
 7 SYSTEMPATH\CodeIgniter.php(354): CodeIgniter\CodeIgniter->handleRequest(null, Object(Config\Cache), false)
 8 SYSTEMPATH\Boot.php(334): CodeIgniter\CodeIgniter->run()
 9 SYSTEMPATH\Boot.php(67): CodeIgniter\Boot::runCodeIgniter(Object(CodeIgniter\CodeIgniter))
10 FCPATH\index.php(56): CodeIgniter\Boot::bootWeb(Object(Config\Paths))
11 SYSTEMPATH\rewrite.php(44): require_once('D:\\Tubes TEKWEB\\Tupopgaming\\public\\index.php')
CRITICAL - 2025-07-01 04:01:26 --> CodeIgniter\View\Exceptions\ViewException: Invalid file: "templates/sidebar.php"
[Method: GET, Route: admin/dashboard]
in SYSTEMPATH\Exceptions\FrameworkException.php on line 39.
 1 SYSTEMPATH\View\View.php(212): CodeIgniter\Exceptions\FrameworkException::forInvalidFile('templates/sidebar.php')
 2 SYSTEMPATH\View\View.php(475): CodeIgniter\View\View->render('templates/sidebar', null, true)
 3 APPPATH\Views\admin\main.php(19): CodeIgniter\View\View->include('templates/sidebar')
 4 SYSTEMPATH\View\View.php(224): include('D:\\Tubes TEKWEB\\Tupopgaming\\app\\Views\\admin\\main.php')
 5 SYSTEMPATH\View\View.php(227): CodeIgniter\View\View->{closure:CodeIgniter\View\View::render():221}()
 6 SYSTEMPATH\View\View.php(240): CodeIgniter\View\View->render('admin/main', [], true)
 7 SYSTEMPATH\Common.php(1173): CodeIgniter\View\View->render('content/dashboard', [], true)
 8 APPPATH\Controllers\Admin\Dashboard.php(11): view('content/dashboard')
 9 SYSTEMPATH\CodeIgniter.php(933): App\Controllers\Admin\Dashboard->index()
10 SYSTEMPATH\CodeIgniter.php(507): CodeIgniter\CodeIgniter->runController(Object(App\Controllers\Admin\Dashboard))
11 SYSTEMPATH\CodeIgniter.php(354): CodeIgniter\CodeIgniter->handleRequest(null, Object(Config\Cache), false)
12 SYSTEMPATH\Boot.php(334): CodeIgniter\CodeIgniter->run()
13 SYSTEMPATH\Boot.php(67): CodeIgniter\Boot::runCodeIgniter(Object(CodeIgniter\CodeIgniter))
14 FCPATH\index.php(56): CodeIgniter\Boot::bootWeb(Object(Config\Paths))
15 SYSTEMPATH\rewrite.php(44): require_once('D:\\Tubes TEKWEB\\Tupopgaming\\public\\index.php')
CRITICAL - 2025-07-01 04:01:27 --> CodeIgniter\View\Exceptions\ViewException: Invalid file: "templates/sidebar.php"
[Method: GET, Route: admin/dashboard]
in SYSTEMPATH\Exceptions\FrameworkException.php on line 39.
 1 SYSTEMPATH\View\View.php(212): CodeIgniter\Exceptions\FrameworkException::forInvalidFile('templates/sidebar.php')
 2 SYSTEMPATH\View\View.php(475): CodeIgniter\View\View->render('templates/sidebar', null, true)
 3 APPPATH\Views\admin\main.php(19): CodeIgniter\View\View->include('templates/sidebar')
 4 SYSTEMPATH\View\View.php(224): include('D:\\Tubes TEKWEB\\Tupopgaming\\app\\Views\\admin\\main.php')
 5 SYSTEMPATH\View\View.php(227): CodeIgniter\View\View->{closure:CodeIgniter\View\View::render():221}()
 6 SYSTEMPATH\View\View.php(240): CodeIgniter\View\View->render('admin/main', [], true)
 7 SYSTEMPATH\Common.php(1173): CodeIgniter\View\View->render('content/dashboard', [], true)
 8 APPPATH\Controllers\Admin\Dashboard.php(11): view('content/dashboard')
 9 SYSTEMPATH\CodeIgniter.php(933): App\Controllers\Admin\Dashboard->index()
10 SYSTEMPATH\CodeIgniter.php(507): CodeIgniter\CodeIgniter->runController(Object(App\Controllers\Admin\Dashboard))
11 SYSTEMPATH\CodeIgniter.php(354): CodeIgniter\CodeIgniter->handleRequest(null, Object(Config\Cache), false)
12 SYSTEMPATH\Boot.php(334): CodeIgniter\CodeIgniter->run()
13 SYSTEMPATH\Boot.php(67): CodeIgniter\Boot::runCodeIgniter(Object(CodeIgniter\CodeIgniter))
14 FCPATH\index.php(56): CodeIgniter\Boot::bootWeb(Object(Config\Paths))
15 SYSTEMPATH\rewrite.php(44): require_once('D:\\Tubes TEKWEB\\Tupopgaming\\public\\index.php')
CRITICAL - 2025-07-01 04:01:27 --> CodeIgniter\View\Exceptions\ViewException: Invalid file: "templates/sidebar.php"
[Method: GET, Route: admin/dashboard]
in SYSTEMPATH\Exceptions\FrameworkException.php on line 39.
 1 SYSTEMPATH\View\View.php(212): CodeIgniter\Exceptions\FrameworkException::forInvalidFile('templates/sidebar.php')
 2 SYSTEMPATH\View\View.php(475): CodeIgniter\View\View->render('templates/sidebar', null, true)
 3 APPPATH\Views\admin\main.php(19): CodeIgniter\View\View->include('templates/sidebar')
 4 SYSTEMPATH\View\View.php(224): include('D:\\Tubes TEKWEB\\Tupopgaming\\app\\Views\\admin\\main.php')
 5 SYSTEMPATH\View\View.php(227): CodeIgniter\View\View->{closure:CodeIgniter\View\View::render():221}()
 6 SYSTEMPATH\View\View.php(240): CodeIgniter\View\View->render('admin/main', [], true)
 7 SYSTEMPATH\Common.php(1173): CodeIgniter\View\View->render('content/dashboard', [], true)
 8 APPPATH\Controllers\Admin\Dashboard.php(11): view('content/dashboard')
 9 SYSTEMPATH\CodeIgniter.php(933): App\Controllers\Admin\Dashboard->index()
10 SYSTEMPATH\CodeIgniter.php(507): CodeIgniter\CodeIgniter->runController(Object(App\Controllers\Admin\Dashboard))
11 SYSTEMPATH\CodeIgniter.php(354): CodeIgniter\CodeIgniter->handleRequest(null, Object(Config\Cache), false)
12 SYSTEMPATH\Boot.php(334): CodeIgniter\CodeIgniter->run()
13 SYSTEMPATH\Boot.php(67): CodeIgniter\Boot::runCodeIgniter(Object(CodeIgniter\CodeIgniter))
14 FCPATH\index.php(56): CodeIgniter\Boot::bootWeb(Object(Config\Paths))
15 SYSTEMPATH\rewrite.php(44): require_once('D:\\Tubes TEKWEB\\Tupopgaming\\public\\index.php')
CRITICAL - 2025-07-01 04:01:27 --> CodeIgniter\View\Exceptions\ViewException: Invalid file: "templates/sidebar.php"
[Method: GET, Route: admin/dashboard]
in SYSTEMPATH\Exceptions\FrameworkException.php on line 39.
 1 SYSTEMPATH\View\View.php(212): CodeIgniter\Exceptions\FrameworkException::forInvalidFile('templates/sidebar.php')
 2 SYSTEMPATH\View\View.php(475): CodeIgniter\View\View->render('templates/sidebar', null, true)
 3 APPPATH\Views\admin\main.php(19): CodeIgniter\View\View->include('templates/sidebar')
 4 SYSTEMPATH\View\View.php(224): include('D:\\Tubes TEKWEB\\Tupopgaming\\app\\Views\\admin\\main.php')
 5 SYSTEMPATH\View\View.php(227): CodeIgniter\View\View->{closure:CodeIgniter\View\View::render():221}()
 6 SYSTEMPATH\View\View.php(240): CodeIgniter\View\View->render('admin/main', [], true)
 7 SYSTEMPATH\Common.php(1173): CodeIgniter\View\View->render('content/dashboard', [], true)
 8 APPPATH\Controllers\Admin\Dashboard.php(11): view('content/dashboard')
 9 SYSTEMPATH\CodeIgniter.php(933): App\Controllers\Admin\Dashboard->index()
10 SYSTEMPATH\CodeIgniter.php(507): CodeIgniter\CodeIgniter->runController(Object(App\Controllers\Admin\Dashboard))
11 SYSTEMPATH\CodeIgniter.php(354): CodeIgniter\CodeIgniter->handleRequest(null, Object(Config\Cache), false)
12 SYSTEMPATH\Boot.php(334): CodeIgniter\CodeIgniter->run()
13 SYSTEMPATH\Boot.php(67): CodeIgniter\Boot::runCodeIgniter(Object(CodeIgniter\CodeIgniter))
14 FCPATH\index.php(56): CodeIgniter\Boot::bootWeb(Object(Config\Paths))
15 SYSTEMPATH\rewrite.php(44): require_once('D:\\Tubes TEKWEB\\Tupopgaming\\public\\index.php')
CRITICAL - 2025-07-01 04:01:27 --> CodeIgniter\View\Exceptions\ViewException: Invalid file: "templates/sidebar.php"
[Method: GET, Route: admin/dashboard]
in SYSTEMPATH\Exceptions\FrameworkException.php on line 39.
 1 SYSTEMPATH\View\View.php(212): CodeIgniter\Exceptions\FrameworkException::forInvalidFile('templates/sidebar.php')
 2 SYSTEMPATH\View\View.php(475): CodeIgniter\View\View->render('templates/sidebar', null, true)
 3 APPPATH\Views\admin\main.php(19): CodeIgniter\View\View->include('templates/sidebar')
 4 SYSTEMPATH\View\View.php(224): include('D:\\Tubes TEKWEB\\Tupopgaming\\app\\Views\\admin\\main.php')
 5 SYSTEMPATH\View\View.php(227): CodeIgniter\View\View->{closure:CodeIgniter\View\View::render():221}()
 6 SYSTEMPATH\View\View.php(240): CodeIgniter\View\View->render('admin/main', [], true)
 7 SYSTEMPATH\Common.php(1173): CodeIgniter\View\View->render('content/dashboard', [], true)
 8 APPPATH\Controllers\Admin\Dashboard.php(11): view('content/dashboard')
 9 SYSTEMPATH\CodeIgniter.php(933): App\Controllers\Admin\Dashboard->index()
10 SYSTEMPATH\CodeIgniter.php(507): CodeIgniter\CodeIgniter->runController(Object(App\Controllers\Admin\Dashboard))
11 SYSTEMPATH\CodeIgniter.php(354): CodeIgniter\CodeIgniter->handleRequest(null, Object(Config\Cache), false)
12 SYSTEMPATH\Boot.php(334): CodeIgniter\CodeIgniter->run()
13 SYSTEMPATH\Boot.php(67): CodeIgniter\Boot::runCodeIgniter(Object(CodeIgniter\CodeIgniter))
14 FCPATH\index.php(56): CodeIgniter\Boot::bootWeb(Object(Config\Paths))
15 SYSTEMPATH\rewrite.php(44): require_once('D:\\Tubes TEKWEB\\Tupopgaming\\public\\index.php')
CRITICAL - 2025-07-01 04:01:27 --> CodeIgniter\View\Exceptions\ViewException: Invalid file: "templates/sidebar.php"
[Method: GET, Route: admin/dashboard]
in SYSTEMPATH\Exceptions\FrameworkException.php on line 39.
 1 SYSTEMPATH\View\View.php(212): CodeIgniter\Exceptions\FrameworkException::forInvalidFile('templates/sidebar.php')
 2 SYSTEMPATH\View\View.php(475): CodeIgniter\View\View->render('templates/sidebar', null, true)
 3 APPPATH\Views\admin\main.php(19): CodeIgniter\View\View->include('templates/sidebar')
 4 SYSTEMPATH\View\View.php(224): include('D:\\Tubes TEKWEB\\Tupopgaming\\app\\Views\\admin\\main.php')
 5 SYSTEMPATH\View\View.php(227): CodeIgniter\View\View->{closure:CodeIgniter\View\View::render():221}()
 6 SYSTEMPATH\View\View.php(240): CodeIgniter\View\View->render('admin/main', [], true)
 7 SYSTEMPATH\Common.php(1173): CodeIgniter\View\View->render('content/dashboard', [], true)
 8 APPPATH\Controllers\Admin\Dashboard.php(11): view('content/dashboard')
 9 SYSTEMPATH\CodeIgniter.php(933): App\Controllers\Admin\Dashboard->index()
10 SYSTEMPATH\CodeIgniter.php(507): CodeIgniter\CodeIgniter->runController(Object(App\Controllers\Admin\Dashboard))
11 SYSTEMPATH\CodeIgniter.php(354): CodeIgniter\CodeIgniter->handleRequest(null, Object(Config\Cache), false)
12 SYSTEMPATH\Boot.php(334): CodeIgniter\CodeIgniter->run()
13 SYSTEMPATH\Boot.php(67): CodeIgniter\Boot::runCodeIgniter(Object(CodeIgniter\CodeIgniter))
14 FCPATH\index.php(56): CodeIgniter\Boot::bootWeb(Object(Config\Paths))
15 SYSTEMPATH\rewrite.php(44): require_once('D:\\Tubes TEKWEB\\Tupopgaming\\public\\index.php')
CRITICAL - 2025-07-01 04:01:27 --> CodeIgniter\View\Exceptions\ViewException: Invalid file: "templates/sidebar.php"
[Method: GET, Route: admin/dashboard]
in SYSTEMPATH\Exceptions\FrameworkException.php on line 39.
 1 SYSTEMPATH\View\View.php(212): CodeIgniter\Exceptions\FrameworkException::forInvalidFile('templates/sidebar.php')
 2 SYSTEMPATH\View\View.php(475): CodeIgniter\View\View->render('templates/sidebar', null, true)
 3 APPPATH\Views\admin\main.php(19): CodeIgniter\View\View->include('templates/sidebar')
 4 SYSTEMPATH\View\View.php(224): include('D:\\Tubes TEKWEB\\Tupopgaming\\app\\Views\\admin\\main.php')
 5 SYSTEMPATH\View\View.php(227): CodeIgniter\View\View->{closure:CodeIgniter\View\View::render():221}()
 6 SYSTEMPATH\View\View.php(240): CodeIgniter\View\View->render('admin/main', [], true)
 7 SYSTEMPATH\Common.php(1173): CodeIgniter\View\View->render('content/dashboard', [], true)
 8 APPPATH\Controllers\Admin\Dashboard.php(11): view('content/dashboard')
 9 SYSTEMPATH\CodeIgniter.php(933): App\Controllers\Admin\Dashboard->index()
10 SYSTEMPATH\CodeIgniter.php(507): CodeIgniter\CodeIgniter->runController(Object(App\Controllers\Admin\Dashboard))
11 SYSTEMPATH\CodeIgniter.php(354): CodeIgniter\CodeIgniter->handleRequest(null, Object(Config\Cache), false)
12 SYSTEMPATH\Boot.php(334): CodeIgniter\CodeIgniter->run()
13 SYSTEMPATH\Boot.php(67): CodeIgniter\Boot::runCodeIgniter(Object(CodeIgniter\CodeIgniter))
14 FCPATH\index.php(56): CodeIgniter\Boot::bootWeb(Object(Config\Paths))
15 SYSTEMPATH\rewrite.php(44): require_once('D:\\Tubes TEKWEB\\Tupopgaming\\public\\index.php')
CRITICAL - 2025-07-01 04:01:28 --> CodeIgniter\View\Exceptions\ViewException: Invalid file: "templates/sidebar.php"
[Method: GET, Route: admin/dashboard]
in SYSTEMPATH\Exceptions\FrameworkException.php on line 39.
 1 SYSTEMPATH\View\View.php(212): CodeIgniter\Exceptions\FrameworkException::forInvalidFile('templates/sidebar.php')
 2 SYSTEMPATH\View\View.php(475): CodeIgniter\View\View->render('templates/sidebar', null, true)
 3 APPPATH\Views\admin\main.php(19): CodeIgniter\View\View->include('templates/sidebar')
 4 SYSTEMPATH\View\View.php(224): include('D:\\Tubes TEKWEB\\Tupopgaming\\app\\Views\\admin\\main.php')
 5 SYSTEMPATH\View\View.php(227): CodeIgniter\View\View->{closure:CodeIgniter\View\View::render():221}()
 6 SYSTEMPATH\View\View.php(240): CodeIgniter\View\View->render('admin/main', [], true)
 7 SYSTEMPATH\Common.php(1173): CodeIgniter\View\View->render('content/dashboard', [], true)
 8 APPPATH\Controllers\Admin\Dashboard.php(11): view('content/dashboard')
 9 SYSTEMPATH\CodeIgniter.php(933): App\Controllers\Admin\Dashboard->index()
10 SYSTEMPATH\CodeIgniter.php(507): CodeIgniter\CodeIgniter->runController(Object(App\Controllers\Admin\Dashboard))
11 SYSTEMPATH\CodeIgniter.php(354): CodeIgniter\CodeIgniter->handleRequest(null, Object(Config\Cache), false)
12 SYSTEMPATH\Boot.php(334): CodeIgniter\CodeIgniter->run()
13 SYSTEMPATH\Boot.php(67): CodeIgniter\Boot::runCodeIgniter(Object(CodeIgniter\CodeIgniter))
14 FCPATH\index.php(56): CodeIgniter\Boot::bootWeb(Object(Config\Paths))
15 SYSTEMPATH\rewrite.php(44): require_once('D:\\Tubes TEKWEB\\Tupopgaming\\public\\index.php')
CRITICAL - 2025-07-01 04:01:28 --> CodeIgniter\View\Exceptions\ViewException: Invalid file: "templates/sidebar.php"
[Method: GET, Route: admin/dashboard]
in SYSTEMPATH\Exceptions\FrameworkException.php on line 39.
 1 SYSTEMPATH\View\View.php(212): CodeIgniter\Exceptions\FrameworkException::forInvalidFile('templates/sidebar.php')
 2 SYSTEMPATH\View\View.php(475): CodeIgniter\View\View->render('templates/sidebar', null, true)
 3 APPPATH\Views\admin\main.php(19): CodeIgniter\View\View->include('templates/sidebar')
 4 SYSTEMPATH\View\View.php(224): include('D:\\Tubes TEKWEB\\Tupopgaming\\app\\Views\\admin\\main.php')
 5 SYSTEMPATH\View\View.php(227): CodeIgniter\View\View->{closure:CodeIgniter\View\View::render():221}()
 6 SYSTEMPATH\View\View.php(240): CodeIgniter\View\View->render('admin/main', [], true)
 7 SYSTEMPATH\Common.php(1173): CodeIgniter\View\View->render('content/dashboard', [], true)
 8 APPPATH\Controllers\Admin\Dashboard.php(11): view('content/dashboard')
 9 SYSTEMPATH\CodeIgniter.php(933): App\Controllers\Admin\Dashboard->index()
10 SYSTEMPATH\CodeIgniter.php(507): CodeIgniter\CodeIgniter->runController(Object(App\Controllers\Admin\Dashboard))
11 SYSTEMPATH\CodeIgniter.php(354): CodeIgniter\CodeIgniter->handleRequest(null, Object(Config\Cache), false)
12 SYSTEMPATH\Boot.php(334): CodeIgniter\CodeIgniter->run()
13 SYSTEMPATH\Boot.php(67): CodeIgniter\Boot::runCodeIgniter(Object(CodeIgniter\CodeIgniter))
14 FCPATH\index.php(56): CodeIgniter\Boot::bootWeb(Object(Config\Paths))
15 SYSTEMPATH\rewrite.php(44): require_once('D:\\Tubes TEKWEB\\Tupopgaming\\public\\index.php')
CRITICAL - 2025-07-01 04:01:34 --> CodeIgniter\View\Exceptions\ViewException: Invalid file: "templates/sidebar.php"
[Method: GET, Route: admin/articles]
in SYSTEMPATH\Exceptions\FrameworkException.php on line 39.
 1 SYSTEMPATH\View\View.php(212): CodeIgniter\Exceptions\FrameworkException::forInvalidFile('templates/sidebar.php')
 2 SYSTEMPATH\View\View.php(475): CodeIgniter\View\View->render('templates/sidebar', null, true)
 3 APPPATH\Views\admin\main.php(19): CodeIgniter\View\View->include('templates/sidebar')
 4 SYSTEMPATH\View\View.php(224): include('D:\\Tubes TEKWEB\\Tupopgaming\\app\\Views\\admin\\main.php')
 5 SYSTEMPATH\View\View.php(227): CodeIgniter\View\View->{closure:CodeIgniter\View\View::render():221}()
 6 SYSTEMPATH\View\View.php(240): CodeIgniter\View\View->render('admin/main', [], true)
 7 SYSTEMPATH\Common.php(1173): CodeIgniter\View\View->render('content/article', [], true)
 8 APPPATH\Controllers\Admin\Dashboard.php(23): view('content/article')
 9 SYSTEMPATH\CodeIgniter.php(933): App\Controllers\Admin\Dashboard->articles()
10 SYSTEMPATH\CodeIgniter.php(507): CodeIgniter\CodeIgniter->runController(Object(App\Controllers\Admin\Dashboard))
11 SYSTEMPATH\CodeIgniter.php(354): CodeIgniter\CodeIgniter->handleRequest(null, Object(Config\Cache), false)
12 SYSTEMPATH\Boot.php(334): CodeIgniter\CodeIgniter->run()
13 SYSTEMPATH\Boot.php(67): CodeIgniter\Boot::runCodeIgniter(Object(CodeIgniter\CodeIgniter))
14 FCPATH\index.php(56): CodeIgniter\Boot::bootWeb(Object(Config\Paths))
15 SYSTEMPATH\rewrite.php(44): require_once('D:\\Tubes TEKWEB\\Tupopgaming\\public\\index.php')
CRITICAL - 2025-07-01 04:04:07 --> CodeIgniter\HTTP\Exceptions\BadRequestException: The URI you submitted has disallowed characters: "alt="
[Method: GET, Route: admin/alt=]
in SYSTEMPATH\Router\Router.php on line 739.
 1 SYSTEMPATH\Router\Router.php(207): CodeIgniter\Router\Router->checkDisallowedChars('admin/alt=')
 2 SYSTEMPATH\CodeIgniter.php(832): CodeIgniter\Router\Router->handle('admin/alt=')
 3 SYSTEMPATH\CodeIgniter.php(455): CodeIgniter\CodeIgniter->tryToRouteIt(Object(CodeIgniter\Router\RouteCollection))
 4 SYSTEMPATH\CodeIgniter.php(354): CodeIgniter\CodeIgniter->handleRequest(null, Object(Config\Cache), false)
 5 SYSTEMPATH\Boot.php(334): CodeIgniter\CodeIgniter->run()
 6 SYSTEMPATH\Boot.php(67): CodeIgniter\Boot::runCodeIgniter(Object(CodeIgniter\CodeIgniter))
 7 FCPATH\index.php(56): CodeIgniter\Boot::bootWeb(Object(Config\Paths))
 8 SYSTEMPATH\rewrite.php(44): require_once('D:\\Tubes TEKWEB\\Tupopgaming\\public\\index.php')
CRITICAL - 2025-07-01 04:04:23 --> CodeIgniter\HTTP\Exceptions\BadRequestException: The URI you submitted has disallowed characters: "alt="
[Method: GET, Route: admin/alt=]
in SYSTEMPATH\Router\Router.php on line 739.
 1 SYSTEMPATH\Router\Router.php(207): CodeIgniter\Router\Router->checkDisallowedChars('admin/alt=')
 2 SYSTEMPATH\CodeIgniter.php(832): CodeIgniter\Router\Router->handle('admin/alt=')
 3 SYSTEMPATH\CodeIgniter.php(455): CodeIgniter\CodeIgniter->tryToRouteIt(Object(CodeIgniter\Router\RouteCollection))
 4 SYSTEMPATH\CodeIgniter.php(354): CodeIgniter\CodeIgniter->handleRequest(null, Object(Config\Cache), false)
 5 SYSTEMPATH\Boot.php(334): CodeIgniter\CodeIgniter->run()
 6 SYSTEMPATH\Boot.php(67): CodeIgniter\Boot::runCodeIgniter(Object(CodeIgniter\CodeIgniter))
 7 FCPATH\index.php(56): CodeIgniter\Boot::bootWeb(Object(Config\Paths))
 8 SYSTEMPATH\rewrite.php(44): require_once('D:\\Tubes TEKWEB\\Tupopgaming\\public\\index.php')
CRITICAL - 2025-07-01 04:05:53 --> CodeIgniter\HTTP\Exceptions\BadRequestException: The URI you submitted has disallowed characters: "alt="
[Method: GET, Route: admin/alt=]
in SYSTEMPATH\Router\Router.php on line 739.
 1 SYSTEMPATH\Router\Router.php(207): CodeIgniter\Router\Router->checkDisallowedChars('admin/alt=')
 2 SYSTEMPATH\CodeIgniter.php(832): CodeIgniter\Router\Router->handle('admin/alt=')
 3 SYSTEMPATH\CodeIgniter.php(455): CodeIgniter\CodeIgniter->tryToRouteIt(Object(CodeIgniter\Router\RouteCollection))
 4 SYSTEMPATH\CodeIgniter.php(354): CodeIgniter\CodeIgniter->handleRequest(null, Object(Config\Cache), false)
 5 SYSTEMPATH\Boot.php(334): CodeIgniter\CodeIgniter->run()
 6 SYSTEMPATH\Boot.php(67): CodeIgniter\Boot::runCodeIgniter(Object(CodeIgniter\CodeIgniter))
 7 FCPATH\index.php(56): CodeIgniter\Boot::bootWeb(Object(Config\Paths))
 8 SYSTEMPATH\rewrite.php(44): require_once('D:\\Tubes TEKWEB\\Tupopgaming\\public\\index.php')
CRITICAL - 2025-07-01 04:05:59 --> CodeIgniter\HTTP\Exceptions\BadRequestException: The URI you submitted has disallowed characters: "alt="
[Method: GET, Route: admin/alt=]
in SYSTEMPATH\Router\Router.php on line 739.
 1 SYSTEMPATH\Router\Router.php(207): CodeIgniter\Router\Router->checkDisallowedChars('admin/alt=')
 2 SYSTEMPATH\CodeIgniter.php(832): CodeIgniter\Router\Router->handle('admin/alt=')
 3 SYSTEMPATH\CodeIgniter.php(455): CodeIgniter\CodeIgniter->tryToRouteIt(Object(CodeIgniter\Router\RouteCollection))
 4 SYSTEMPATH\CodeIgniter.php(354): CodeIgniter\CodeIgniter->handleRequest(null, Object(Config\Cache), false)
 5 SYSTEMPATH\Boot.php(334): CodeIgniter\CodeIgniter->run()
 6 SYSTEMPATH\Boot.php(67): CodeIgniter\Boot::runCodeIgniter(Object(CodeIgniter\CodeIgniter))
 7 FCPATH\index.php(56): CodeIgniter\Boot::bootWeb(Object(Config\Paths))
 8 SYSTEMPATH\rewrite.php(44): require_once('D:\\Tubes TEKWEB\\Tupopgaming\\public\\index.php')
