CRITICAL - 2025-06-01 10:19:52 --> CodeIgniter\View\Exceptions\ViewException: Invalid file: "event.php"
[Method: GET, Route: event]
in SYSTEMPATH\Exceptions\FrameworkException.php on line 39.
 1 SYSTEMPATH\View\View.php(212): CodeIgniter\Exceptions\FrameworkException::forInvalidFile('event.php')
 2 SYSTEMPATH\Common.php(1173): CodeIgniter\View\View->render('event', [], true)
 3 APPPATH\Controllers\Event.php(9): view('event')
 4 SYSTEMPATH\CodeIgniter.php(933): App\Controllers\Event->index()
 5 SYSTEMPATH\CodeIgniter.php(507): CodeIgniter\CodeIgniter->runController(Object(App\Controllers\Event))
 6 SYSTEMPATH\CodeIgniter.php(354): CodeIgniter\CodeIgniter->handleRequest(null, Object(Config\Cache), false)
 7 SYSTEMPATH\Boot.php(334): CodeIgniter\CodeIgniter->run()
 8 SYSTEMPATH\Boot.php(67): CodeIgniter\Boot::runCodeIgniter(Object(CodeIgniter\CodeIgniter))
 9 FCPATH\index.php(56): CodeIgniter\Boot::bootWeb(Object(Config\Paths))
10 SYSTEMPATH\rewrite.php(44): require_once('D:\\Tubes TEKWEB\\Tupopgaming\\public\\index.php')
CRITICAL - 2025-06-01 12:47:19 --> ErrorException: Undefined variable $username
[Method: POST, Route: auth/login]
in APPPATH\Controllers\Auth.php on line 17.
 1 APPPATH\Controllers\Auth.php(17): CodeIgniter\Debug\Exceptions->errorHandler(2, 'Undefined variable $username', 'D:\\Tubes TEKWEB\\Tupopgaming\\app\\Controllers\\Auth.php', 17)
 2 SYSTEMPATH\CodeIgniter.php(933): App\Controllers\Auth->login()
 3 SYSTEMPATH\CodeIgniter.php(507): CodeIgniter\CodeIgniter->runController(Object(App\Controllers\Auth))
 4 SYSTEMPATH\CodeIgniter.php(354): CodeIgniter\CodeIgniter->handleRequest(null, Object(Config\Cache), false)
 5 SYSTEMPATH\Boot.php(334): CodeIgniter\CodeIgniter->run()
 6 SYSTEMPATH\Boot.php(67): CodeIgniter\Boot::runCodeIgniter(Object(CodeIgniter\CodeIgniter))
 7 FCPATH\index.php(56): CodeIgniter\Boot::bootWeb(Object(Config\Paths))
 8 SYSTEMPATH\rewrite.php(44): require_once('D:\\Tubes TEKWEB\\Tupopgaming\\public\\index.php')
