ERROR - 2025-06-28 09:01:08 --> mysqli_sql_exception: Unknown column 'updated_at' in 'field list' in D:\Tubes TEKWEB\Tupopgaming\system\Database\MySQLi\Connection.php:327
Stack trace:
#0 D:\Tubes TEKWEB\Tupopgaming\system\Database\MySQLi\Connection.php(327): mysqli->query('INSERT INTO `us...', 0)
#1 D:\Tubes TEKWEB\Tupopgaming\system\Database\BaseConnection.php(738): CodeIgniter\Database\MySQLi\Connection->execute('INSERT INTO `us...')
#2 D:\Tubes TEKWEB\Tupopgaming\system\Database\BaseConnection.php(652): CodeIgniter\Database\BaseConnection->simpleQuery('INSERT INTO `us...')
#3 D:\Tubes TEKWEB\Tupopgaming\system\Database\BaseBuilder.php(2345): CodeIgniter\Database\BaseConnection->query('INSERT INTO `us...', Array, false)
#4 D:\Tubes TEKWEB\Tupopgaming\system\Model.php(394): CodeIgniter\Database\BaseBuilder->insert()
#5 D:\Tubes TEKWEB\Tupopgaming\system\BaseModel.php(839): CodeIgniter\Model->doInsert(Array)
#6 D:\Tubes TEKWEB\Tupopgaming\system\Model.php(800): CodeIgniter\BaseModel->insert(Array, false)
#7 D:\Tubes TEKWEB\Tupopgaming\system\BaseModel.php(750): CodeIgniter\Model->insert(Array, false)
#8 D:\Tubes TEKWEB\Tupopgaming\app\Controllers\Auth.php(106): CodeIgniter\BaseModel->save(Array)
#9 D:\Tubes TEKWEB\Tupopgaming\system\CodeIgniter.php(933): App\Controllers\Auth->saveRegister()
#10 D:\Tubes TEKWEB\Tupopgaming\system\CodeIgniter.php(507): CodeIgniter\CodeIgniter->runController(Object(App\Controllers\Auth))
#11 D:\Tubes TEKWEB\Tupopgaming\system\CodeIgniter.php(354): CodeIgniter\CodeIgniter->handleRequest(NULL, Object(Config\Cache), false)
#12 D:\Tubes TEKWEB\Tupopgaming\system\Boot.php(334): CodeIgniter\CodeIgniter->run()
#13 D:\Tubes TEKWEB\Tupopgaming\system\Boot.php(67): CodeIgniter\Boot::runCodeIgniter(Object(CodeIgniter\CodeIgniter))
#14 D:\Tubes TEKWEB\Tupopgaming\public\index.php(56): CodeIgniter\Boot::bootWeb(Object(Config\Paths))
#15 D:\Tubes TEKWEB\Tupopgaming\system\rewrite.php(44): require_once('D:\\Tubes TEKWEB...')
#16 {main}
ERROR - 2025-06-28 09:11:13 --> mysqli_sql_exception: Unknown column 'updated_at' in 'field list' in D:\Tubes TEKWEB\Tupopgaming\system\Database\MySQLi\Connection.php:327
Stack trace:
#0 D:\Tubes TEKWEB\Tupopgaming\system\Database\MySQLi\Connection.php(327): mysqli->query('INSERT INTO `us...', 0)
#1 D:\Tubes TEKWEB\Tupopgaming\system\Database\BaseConnection.php(738): CodeIgniter\Database\MySQLi\Connection->execute('INSERT INTO `us...')
#2 D:\Tubes TEKWEB\Tupopgaming\system\Database\BaseConnection.php(652): CodeIgniter\Database\BaseConnection->simpleQuery('INSERT INTO `us...')
#3 D:\Tubes TEKWEB\Tupopgaming\system\Database\BaseBuilder.php(2345): CodeIgniter\Database\BaseConnection->query('INSERT INTO `us...', Array, false)
#4 D:\Tubes TEKWEB\Tupopgaming\system\Model.php(394): CodeIgniter\Database\BaseBuilder->insert()
#5 D:\Tubes TEKWEB\Tupopgaming\system\BaseModel.php(839): CodeIgniter\Model->doInsert(Array)
#6 D:\Tubes TEKWEB\Tupopgaming\system\Model.php(800): CodeIgniter\BaseModel->insert(Array, false)
#7 D:\Tubes TEKWEB\Tupopgaming\system\BaseModel.php(750): CodeIgniter\Model->insert(Array, false)
#8 D:\Tubes TEKWEB\Tupopgaming\app\Controllers\Auth.php(106): CodeIgniter\BaseModel->save(Array)
#9 D:\Tubes TEKWEB\Tupopgaming\system\CodeIgniter.php(933): App\Controllers\Auth->saveRegister()
#10 D:\Tubes TEKWEB\Tupopgaming\system\CodeIgniter.php(507): CodeIgniter\CodeIgniter->runController(Object(App\Controllers\Auth))
#11 D:\Tubes TEKWEB\Tupopgaming\system\CodeIgniter.php(354): CodeIgniter\CodeIgniter->handleRequest(NULL, Object(Config\Cache), false)
#12 D:\Tubes TEKWEB\Tupopgaming\system\Boot.php(334): CodeIgniter\CodeIgniter->run()
#13 D:\Tubes TEKWEB\Tupopgaming\system\Boot.php(67): CodeIgniter\Boot::runCodeIgniter(Object(CodeIgniter\CodeIgniter))
#14 D:\Tubes TEKWEB\Tupopgaming\public\index.php(56): CodeIgniter\Boot::bootWeb(Object(Config\Paths))
#15 D:\Tubes TEKWEB\Tupopgaming\system\rewrite.php(44): require_once('D:\\Tubes TEKWEB...')
#16 {main}
CRITICAL - 2025-06-28 09:25:54 --> ErrorException: Maximum execution time of 30 seconds exceeded
[Method: GET, Route: login]
in VENDORPATH\composer\ClassLoader.php on line 429.
 1 [internal function]: CodeIgniter\Debug\Exceptions->shutdownHandler()
ERROR - 2025-06-28 09:30:38 --> mysqli_sql_exception: Unknown column 'updated_at' in 'field list' in D:\Tubes TEKWEB\Tupopgaming\system\Database\MySQLi\Connection.php:327
Stack trace:
#0 D:\Tubes TEKWEB\Tupopgaming\system\Database\MySQLi\Connection.php(327): mysqli->query('INSERT INTO `us...', 0)
#1 D:\Tubes TEKWEB\Tupopgaming\system\Database\BaseConnection.php(738): CodeIgniter\Database\MySQLi\Connection->execute('INSERT INTO `us...')
#2 D:\Tubes TEKWEB\Tupopgaming\system\Database\BaseConnection.php(652): CodeIgniter\Database\BaseConnection->simpleQuery('INSERT INTO `us...')
#3 D:\Tubes TEKWEB\Tupopgaming\system\Database\BaseBuilder.php(2345): CodeIgniter\Database\BaseConnection->query('INSERT INTO `us...', Array, false)
#4 D:\Tubes TEKWEB\Tupopgaming\system\Model.php(394): CodeIgniter\Database\BaseBuilder->insert()
#5 D:\Tubes TEKWEB\Tupopgaming\system\BaseModel.php(839): CodeIgniter\Model->doInsert(Array)
#6 D:\Tubes TEKWEB\Tupopgaming\system\Model.php(800): CodeIgniter\BaseModel->insert(Array, false)
#7 D:\Tubes TEKWEB\Tupopgaming\system\BaseModel.php(750): CodeIgniter\Model->insert(Array, false)
#8 D:\Tubes TEKWEB\Tupopgaming\app\Controllers\Auth.php(106): CodeIgniter\BaseModel->save(Array)
#9 D:\Tubes TEKWEB\Tupopgaming\system\CodeIgniter.php(933): App\Controllers\Auth->saveRegister()
#10 D:\Tubes TEKWEB\Tupopgaming\system\CodeIgniter.php(507): CodeIgniter\CodeIgniter->runController(Object(App\Controllers\Auth))
#11 D:\Tubes TEKWEB\Tupopgaming\system\CodeIgniter.php(354): CodeIgniter\CodeIgniter->handleRequest(NULL, Object(Config\Cache), false)
#12 D:\Tubes TEKWEB\Tupopgaming\system\Boot.php(334): CodeIgniter\CodeIgniter->run()
#13 D:\Tubes TEKWEB\Tupopgaming\system\Boot.php(67): CodeIgniter\Boot::runCodeIgniter(Object(CodeIgniter\CodeIgniter))
#14 D:\Tubes TEKWEB\Tupopgaming\public\index.php(56): CodeIgniter\Boot::bootWeb(Object(Config\Paths))
#15 D:\Tubes TEKWEB\Tupopgaming\system\rewrite.php(44): require_once('D:\\Tubes TEKWEB...')
#16 {main}
CRITICAL - 2025-06-28 14:27:26 --> CodeIgniter\View\Exceptions\ViewException: Invalid file: "DasboardView.php"
[Method: GET, Route: dasboard]
in SYSTEMPATH\Exceptions\FrameworkException.php on line 39.
 1 SYSTEMPATH\View\View.php(212): CodeIgniter\Exceptions\FrameworkException::forInvalidFile('DasboardView.php')
 2 SYSTEMPATH\Common.php(1173): CodeIgniter\View\View->render('DasboardView', [], true)
 3 APPPATH\Controllers\Dasboard.php(13): view('DasboardView')
 4 SYSTEMPATH\CodeIgniter.php(933): App\Controllers\Dasboard->index()
 5 SYSTEMPATH\CodeIgniter.php(507): CodeIgniter\CodeIgniter->runController(Object(App\Controllers\Dasboard))
 6 SYSTEMPATH\CodeIgniter.php(354): CodeIgniter\CodeIgniter->handleRequest(null, Object(Config\Cache), false)
 7 SYSTEMPATH\Boot.php(334): CodeIgniter\CodeIgniter->run()
 8 SYSTEMPATH\Boot.php(67): CodeIgniter\Boot::runCodeIgniter(Object(CodeIgniter\CodeIgniter))
 9 FCPATH\index.php(56): CodeIgniter\Boot::bootWeb(Object(Config\Paths))
10 SYSTEMPATH\rewrite.php(44): require_once('D:\\Tubes TEKWEB\\Tupopgaming\\public\\index.php')
CRITICAL - 2025-06-28 15:14:09 --> CodeIgniter\View\Exceptions\ViewException: Invalid file: "/layout/DasboardView.php"
[Method: GET, Route: dasboard]
in SYSTEMPATH\Exceptions\FrameworkException.php on line 39.
 1 SYSTEMPATH\View\View.php(212): CodeIgniter\Exceptions\FrameworkException::forInvalidFile('/layout/DasboardView.php')
 2 SYSTEMPATH\Common.php(1173): CodeIgniter\View\View->render('/layout/DasboardView', [], true)
 3 APPPATH\Controllers\Dasboard.php(13): view('/layout/DasboardView')
 4 SYSTEMPATH\CodeIgniter.php(933): App\Controllers\Dasboard->index()
 5 SYSTEMPATH\CodeIgniter.php(507): CodeIgniter\CodeIgniter->runController(Object(App\Controllers\Dasboard))
 6 SYSTEMPATH\CodeIgniter.php(354): CodeIgniter\CodeIgniter->handleRequest(null, Object(Config\Cache), false)
 7 SYSTEMPATH\Boot.php(334): CodeIgniter\CodeIgniter->run()
 8 SYSTEMPATH\Boot.php(67): CodeIgniter\Boot::runCodeIgniter(Object(CodeIgniter\CodeIgniter))
 9 FCPATH\index.php(56): CodeIgniter\Boot::bootWeb(Object(Config\Paths))
10 SYSTEMPATH\rewrite.php(44): require_once('D:\\Tubes TEKWEB\\Tupopgaming\\public\\index.php')
